[2026-01-30 03:25:13] Cyber Sentinels Detection Engine Initialized

╔════════════════════════════════════════════════════════════════════════════════╗
║                                                   Cyber Sentinels                                ║
║              Next-Gen Living-Off-The-Land (LOLBins) Detection v2.0                                                          ║
║                           Detection Engine Started                              ║
║                                                      2026-01-30 03:25:15                             ║
╚════════════════════════════════════════════════════════════════════════════════╝


╔════════════════════════════════════════════════════════════════════════════════╗
║                                                   Cyber Sentinels                                ║
║              Next-Gen Living-Off-The-Land (LOLBins) Detection v2.0                                                          ║
║                           Detection Engine Started                              ║
║                                                      2026-01-30 03:25:38                             ║
╚════════════════════════════════════════════════════════════════════════════════╝


╔════════════════════════════════════════════════════════════════════════════════╗
║                          Detection Engine Stopped                               ║
║                      Threat Summary:                                            ║
║                      - CRITICAL: 0                                                 ║
║                      - HIGH:     0                                                 ║
║                      - MEDIUM:   0                                                 ║
║                      - LOW:      0                                                 ║
║                      - TOTAL ALERTS: 0                                            ║
╚════════════════════════════════════════════════════════════════════════════════╝

[2026-01-30 03:25:59] Cyber Sentinels Detection Engine Initialized

╔════════════════════════════════════════════════════════════════════════════════╗
║                                                   Cyber Sentinels                                ║
║              Next-Gen Living-Off-The-Land (LOLBins) Detection v2.0                                                          ║
║                           Detection Engine Started                              ║
║                                                      2026-01-30 03:26:02                             ║
╚════════════════════════════════════════════════════════════════════════════════╝

